#
# A fatal error has been detected by the Java Runtime Environment:
#
#  EXCEPTION_ACCESS_VIOLATION (0xc0000005) at pc=0x00007fff8331b3f7, pid=37404, tid=32348
#
# JRE version: Java(TM) SE Runtime Environment (16.0.2+7) (build 16.0.2+7-67)
# Java VM: Java HotSpot(TM) 64-Bit Server VM (16.0.2+7-67, mixed mode, sharing, tiered, compressed oops, compressed class ptrs, g1 gc, windows-amd64)
# Problematic frame:
# V  [jvm.dll+0x61b3f7]
#
# No core dump will be written. Minidumps are not enabled by default on client versions of Windows
#
# If you would like to submit a bug report, please visit:
#   https://bugreport.java.com/bugreport/crash.jsp
#

---------------  S U M M A R Y ------------

Command Line: -XX:+ShowCodeDetailsInExceptionMessages -agentlib:jdwp=transport=dt_socket,suspend=y,address=localhost:60745 -javaagent:C:\Users\daniel\eclipse\jee-2021-12\eclipse\configuration\org.eclipse.osgi\421\0\.cp\lib\javaagent-shaded.jar -Dfile.encoding=Cp1252 Ciclos

Host: 11th Gen Intel(R) Core(TM) i3-1125G4 @ 2.00GHz, 8 cores, 7G,  Windows 10 , 64 bit Build 19041 (10.0.19041.1466)
Time: Mon Jan 31 15:40:55 2022 Hora estándar central (México) elapsed time: 322.038719 seconds (0d 0h 5m 22s)

---------------  T H R E A D  ---------------

Current thread (0x00000278fb578ca0):  JavaThread "JDWP Transport Listener: dt_socket" daemon [_thread_in_vm, id=32348, stack(0x000000a859a00000,0x000000a859b00000)] _threads_hazard_ptr=0x00000278fbcc4780, _nested_threads_hazard_ptr=0x00000278fbcc4780

Stack: [0x000000a859a00000,0x000000a859b00000],  sp=0x000000a859afdaa0,  free space=1014k
Native frames: (J=compiled Java code, j=interpreted, Vv=VM code, C=native code)
V  [jvm.dll+0x61b3f7]
V  [jvm.dll+0x50dc71]
V  [jvm.dll+0x50b3b0]
V  [jvm.dll+0x342329]
V  [jvm.dll+0x34324d]
V  [jvm.dll+0x342a7d]
V  [jvm.dll+0x5054b3]
V  [jvm.dll+0x4cab39]
C  [jdwp.dll+0x8f6b]


siginfo: EXCEPTION_ACCESS_VIOLATION (0xc0000005), reading address 0x00000278ca03b1d8


Register to memory mapping:

RIP=0x00007fff8331b3f7 jvm.dll
RAX=0x00000278ca03b1d0 is an unknown value
RBX={method} {0x00000278fb03b220} 
[error occurred during error reporting (printing register info), id 0xc0000005, EXCEPTION_ACCESS_VIOLATION (0xc0000005) at pc=0x00007fff8331d63a]

Registers:
RAX=0x00000278ca03b1d0, RBX=0x00000278fb03b218, RCX=0x00000278fb03b218, RDX=0x000000a859afdac0
RSP=0x000000a859afdaa0, RBP=0x00000278fb578ca0, RSI=0x0000000000000001, RDI=0x00000278fb550190
R8 =0x00000278fb571c40, R9 =0x000000a859afdb70, R10=0x0000000000000000, R11=0x0000000000000000
R12=0x00000278fb5b9ec0, R13=0x00000278fb572280, R14=0x0000000000000000, R15=0x00000278faa39260
RIP=0x00007fff8331b3f7, EFLAGS=0x0000000000010206

Top of Stack: (sp=0x000000a859afdaa0)
0x000000a859afdaa0:   00000278fb03b218 0000000000000001
0x000000a859afdab0:   0000027880008e10 0000027800000000
0x000000a859afdac0:   00000278fb03b218 00000278fb578ca0
0x000000a859afdad0:   0000000000000000 00007fff8320dc71
0x000000a859afdae0:   00000278fb03b218 00000278fb6bbb70
0x000000a859afdaf0:   0000000000000000 0000000000000130
0x000000a859afdb00:   00000278faa39260 00007fff00000001
0x000000a859afdb10:   00000000000003d8 00000278faa39270
0x000000a859afdb20:   00000278faa39648 000000a859aff220
0x000000a859afdb30:   00000278fb578ca0 00000278fb571c40
0x000000a859afdb40:   00000278faa430a0 00000278faa430b0
0x000000a859afdb50:   00000278faa43188 00000000000000d8
0x000000a859afdb60:   000000a859aff550 00000278fb6bbb70
0x000000a859afdb70:   000000a8588ff6b0 000000a8588ff668
0x000000a859afdb80:   0000000000000000 00007fff832321b3
0x000000a859afdb90:   0000000000000000 0000000000000000 

Instructions: (pc=0x00007fff8331b3f7)
0x00007fff8331b2f7:   cc cc cc cc cc cc cc cc cc 4c 8b 49 08 45 0f b7
0x00007fff8331b307:   41 28 45 85 c0 74 73 b8 cd cc cc cc 41 f7 e0 c1
0x00007fff8331b317:   ea 02 8d 0c 92 44 3b c1 75 60 41 80 79 38 2a 49
0x00007fff8331b327:   8d 49 38 75 55 80 79 01 b7 75 4f 49 ff c8 41 80
0x00007fff8331b337:   3c 08 b1 75 45 49 83 f8 04 7e 3c 49 c7 c1 fe ff
0x00007fff8331b347:   ff ff 48 8d 41 06 4c 2b c9 80 78 fe 2a 75 2b 0f
0x00007fff8331b357:   b6 50 ff 8d 4a ff f6 c1 f5 75 05 80 fa 09 75 05
0x00007fff8331b367:   80 fa 0e 75 15 80 38 b5 75 10 48 83 c0 05 49 8d
0x00007fff8331b377:   0c 01 49 3b c8 7c d2 b0 01 c3 32 c0 c3 cc cc cc
0x00007fff8331b387:   cc cc cc cc cc cc cc cc cc 48 89 5c 24 10 57 48
0x00007fff8331b397:   83 ec 30 65 48 8b 04 25 58 00 00 00 48 8b d9 8b
0x00007fff8331b3a7:   15 1c a5 4f 00 48 8b 3c d0 b8 40 00 00 00 80 3c
0x00007fff8331b3b7:   38 00 75 05 e8 8c 8c 20 00 b9 10 00 00 00 48 89
0x00007fff8331b3c7:   5c 24 20 48 8b 0c 39 48 89 4c 24 28 48 85 db 74
0x00007fff8331b3d7:   16 48 8b 89 88 02 00 00 48 8d 54 24 40 48 89 5c
0x00007fff8331b3e7:   24 40 e8 12 f3 9e ff 48 8b 43 08 48 8d 54 24 20
0x00007fff8331b3f7:   48 8b 48 08 48 8b 49 18 e8 dc a3 d4 ff 48 8d 4c
0x00007fff8331b407:   24 20 48 8b d8 e8 af 68 d2 ff 48 8b c3 48 8b 5c
0x00007fff8331b417:   24 48 48 83 c4 30 5f c3 cc 40 53 48 83 ec 20 48
0x00007fff8331b427:   8b 81 98 00 00 00 48 8b d9 48 8b 48 08 48 85 c9
0x00007fff8331b437:   74 39 ff 15 e1 db 44 00 48 85 c0 74 2e 48 8b 83
0x00007fff8331b447:   98 00 00 00 48 8b 48 08 48 85 c9 75 04 33 c0 eb
0x00007fff8331b457:   06 ff 15 c2 db 44 00 48 8b c8 e8 0a 5c 12 00 84
0x00007fff8331b467:   c0 75 08 33 c0 48 83 c4 20 5b c3 48 8b 4b 18 48
0x00007fff8331b477:   83 c4 20 5b e9 50 51 1b 00 48 8b 41 08 48 8b 48
0x00007fff8331b487:   08 48 8b 41 18 48 8b 40 18 c3 cc cc cc cc cc cc
0x00007fff8331b497:   cc cc cc cc cc cc cc cc cc 48 89 5c 24 08 48 89
0x00007fff8331b4a7:   74 24 10 57 48 83 ec 40 33 ff be ff ff ff ff 3b
0x00007fff8331b4b7:   d6 8b df 0f 45 da 85 db 0f 88 be 00 00 00 48 8b
0x00007fff8331b4c7:   49 08 0f b7 41 28 3b d8 0f 8d ae 00 00 00 f6 41
0x00007fff8331b4d7:   24 01 0f 84 a4 00 00 00 e8 6c bd c1 ff 8b d7 48
0x00007fff8331b4e7:   89 44 24 20 89 54 24 30 4c 8b d0 44 8b cf 89 7c 


Stack slot to memory mapping:
stack at sp + 0 slots: {method} {0x00000278fb03b220} 
[error occurred during error reporting (inspecting top of stack), id 0xc0000005, EXCEPTION_ACCESS_VIOLATION (0xc0000005) at pc=0x00007fff8331d63a]


---------------  P R O C E S S  ---------------

Threads class SMR info:
_java_thread_list=0x00000278fbcc4780, length=15, elements={
0x00000278ebc8afb0, 0x00000278fa9ebbd0, 0x00000278fa9ee4f0, 0x00000278faa04050,
0x00000278faa06970, 0x00000278faa09290, 0x00000278faa15000, 0x00000278faa373a0,
0x00000278faa37cf0, 0x00000278faa42a30, 0x00000278fa9cd520, 0x00000278fb578ca0,
0x00000278fb602db0, 0x00000278fb6034d0, 0x00000278fb6e6800
}

Java Threads: ( => current thread )
  0x00000278ebc8afb0 JavaThread "main" [_thread_blocked, id=9080, stack(0x000000a858800000,0x000000a858900000)]
  0x00000278fa9ebbd0 JavaThread "Reference Handler" daemon [_thread_blocked, id=14284, stack(0x000000a858f00000,0x000000a859000000)]
  0x00000278fa9ee4f0 JavaThread "Finalizer" daemon [_thread_blocked, id=33756, stack(0x000000a859000000,0x000000a859100000)]
  0x00000278faa04050 JavaThread "Signal Dispatcher" daemon [_thread_blocked, id=25888, stack(0x000000a859100000,0x000000a859200000)]
  0x00000278faa06970 JavaThread "Attach Listener" daemon [_thread_blocked, id=35936, stack(0x000000a859200000,0x000000a859300000)]
  0x00000278faa09290 JavaThread "Service Thread" daemon [_thread_blocked, id=4704, stack(0x000000a859300000,0x000000a859400000)]
  0x00000278faa15000 JavaThread "Monitor Deflation Thread" daemon [_thread_blocked, id=26312, stack(0x000000a859400000,0x000000a859500000)]
  0x00000278faa373a0 JavaThread "C2 CompilerThread0" daemon [_thread_blocked, id=20488, stack(0x000000a859500000,0x000000a859600000)]
  0x00000278faa37cf0 JavaThread "C1 CompilerThread0" daemon [_thread_blocked, id=19336, stack(0x000000a859600000,0x000000a859700000)]
  0x00000278faa42a30 JavaThread "Sweeper thread" daemon [_thread_blocked, id=11672, stack(0x000000a859700000,0x000000a859800000)]
  0x00000278fa9cd520 JavaThread "Common-Cleaner" daemon [_thread_blocked, id=22304, stack(0x000000a859800000,0x000000a859900000)]
=>0x00000278fb578ca0 JavaThread "JDWP Transport Listener: dt_socket" daemon [_thread_in_vm, id=32348, stack(0x000000a859a00000,0x000000a859b00000)], _nested_threads_hazard_ptr=0x00000278fbcc4780
  0x00000278fb602db0 JavaThread "JDWP Event Helper Thread" daemon [_thread_blocked, id=4844, stack(0x000000a859b00000,0x000000a859c00000)]
  0x00000278fb6034d0 JavaThread "JDWP Command Reader" daemon [_thread_in_native, id=19816, stack(0x000000a859c00000,0x000000a859d00000)]
  0x00000278fb6e6800 JavaThread "Notification Thread" daemon [_thread_blocked, id=3156, stack(0x000000a859d00000,0x000000a859e00000)]

Other Threads:
  0x00000278fa9e81d0 VMThread "VM Thread" [stack: 0x000000a858e00000,0x000000a858f00000] [id=20380]
  0x00000278fb6fbec0 WatcherThread [stack: 0x000000a859e00000,0x000000a859f00000] [id=38452]
  0x00000278ebcca3b0 GCTaskThread "GC Thread#0" [stack: 0x000000a858900000,0x000000a858a00000] [id=25556]
  0x00000278ebcdb0a0 ConcurrentGCThread "G1 Main Marker" [stack: 0x000000a858a00000,0x000000a858b00000] [id=35284]
  0x00000278ebcdbaa0 ConcurrentGCThread "G1 Conc#0" [stack: 0x000000a858b00000,0x000000a858c00000] [id=24204]
  0x00000278ebd58210 ConcurrentGCThread "G1 Refine#0" [stack: 0x000000a858c00000,0x000000a858d00000] [id=2528]
  0x00000278ebd58c20 ConcurrentGCThread "G1 Service" [stack: 0x000000a858d00000,0x000000a858e00000] [id=32028]

Threads with active compile tasks:

VM state: not at safepoint (normal execution)

VM Mutex/Monitor currently owned by a thread: None

Heap address: 0x0000000085800000, size: 1960 MB, Compressed Oops mode: 32-bit

CDS archive(s) mapped at: [0x0000000800000000-0x0000000800bb0000-0x0000000800bb0000), size 12255232, SharedBaseAddress: 0x0000000800000000, ArchiveRelocationMode: 0.
Compressed class space mapped at: 0x0000000800c00000-0x0000000840c00000, reserved size: 1073741824
Narrow klass base: 0x0000000800000000, Narrow klass shift: 3, Narrow klass range: 0x100000000

GC Precious Log:
 CPUs: 8 total, 8 available
 Memory: 7834M
 Large Page Support: Disabled
 NUMA Support: Disabled
 Compressed Oops: Enabled (32-bit)
 Heap Region Size: 1M
 Heap Min Capacity: 8M
 Heap Initial Capacity: 124M
 Heap Max Capacity: 1960M
 Pre-touch: Disabled
 Parallel Workers: 8
 Concurrent Workers: 2
 Concurrent Refinement Workers: 8
 Periodic GC: Disabled

Heap:
 garbage-first heap   total 126976K, used 4096K [0x0000000085800000, 0x0000000100000000)
  region size 1024K, 5 young (5120K), 0 survivors (0K)
 Metaspace       used 2547K, committed 2688K, reserved 1056768K
  class space    used 222K, committed 320K, reserved 1048576K

Heap Regions: E=young(eden), S=young(survivor), O=old, HS=humongous(starts), HC=humongous(continues), CS=collection set, F=free, OA=open archive, CA=closed archive, TAMS=top-at-mark-start (previous, next)
|   0|0x0000000085800000, 0x0000000085800000, 0x0000000085900000|  0%| F|  |TAMS 0x0000000085800000, 0x0000000085800000| Untracked 
|   1|0x0000000085900000, 0x0000000085900000, 0x0000000085a00000|  0%| F|  |TAMS 0x0000000085900000, 0x0000000085900000| Untracked 
|   2|0x0000000085a00000, 0x0000000085a00000, 0x0000000085b00000|  0%| F|  |TAMS 0x0000000085a00000, 0x0000000085a00000| Untracked 
|   3|0x0000000085b00000, 0x0000000085b00000, 0x0000000085c00000|  0%| F|  |TAMS 0x0000000085b00000, 0x0000000085b00000| Untracked 
|   4|0x0000000085c00000, 0x0000000085c00000, 0x0000000085d00000|  0%| F|  |TAMS 0x0000000085c00000, 0x0000000085c00000| Untracked 
|   5|0x0000000085d00000, 0x0000000085d00000, 0x0000000085e00000|  0%| F|  |TAMS 0x0000000085d00000, 0x0000000085d00000| Untracked 
|   6|0x0000000085e00000, 0x0000000085e00000, 0x0000000085f00000|  0%| F|  |TAMS 0x0000000085e00000, 0x0000000085e00000| Untracked 
|   7|0x0000000085f00000, 0x0000000085f00000, 0x0000000086000000|  0%| F|  |TAMS 0x0000000085f00000, 0x0000000085f00000| Untracked 
|   8|0x0000000086000000, 0x0000000086000000, 0x0000000086100000|  0%| F|  |TAMS 0x0000000086000000, 0x0000000086000000| Untracked 
|   9|0x0000000086100000, 0x0000000086100000, 0x0000000086200000|  0%| F|  |TAMS 0x0000000086100000, 0x0000000086100000| Untracked 
|  10|0x0000000086200000, 0x0000000086200000, 0x0000000086300000|  0%| F|  |TAMS 0x0000000086200000, 0x0000000086200000| Untracked 
|  11|0x0000000086300000, 0x0000000086300000, 0x0000000086400000|  0%| F|  |TAMS 0x0000000086300000, 0x0000000086300000| Untracked 
|  12|0x0000000086400000, 0x0000000086400000, 0x0000000086500000|  0%| F|  |TAMS 0x0000000086400000, 0x0000000086400000| Untracked 
|  13|0x0000000086500000, 0x0000000086500000, 0x0000000086600000|  0%| F|  |TAMS 0x0000000086500000, 0x0000000086500000| Untracked 
|  14|0x0000000086600000, 0x0000000086600000, 0x0000000086700000|  0%| F|  |TAMS 0x0000000086600000, 0x0000000086600000| Untracked 
|  15|0x0000000086700000, 0x0000000086700000, 0x0000000086800000|  0%| F|  |TAMS 0x0000000086700000, 0x0000000086700000| Untracked 
|  16|0x0000000086800000, 0x0000000086800000, 0x0000000086900000|  0%| F|  |TAMS 0x0000000086800000, 0x0000000086800000| Untracked 
|  17|0x0000000086900000, 0x0000000086900000, 0x0000000086a00000|  0%| F|  |TAMS 0x0000000086900000, 0x0000000086900000| Untracked 
|  18|0x0000000086a00000, 0x0000000086a00000, 0x0000000086b00000|  0%| F|  |TAMS 0x0000000086a00000, 0x0000000086a00000| Untracked 
|  19|0x0000000086b00000, 0x0000000086b00000, 0x0000000086c00000|  0%| F|  |TAMS 0x0000000086b00000, 0x0000000086b00000| Untracked 
|  20|0x0000000086c00000, 0x0000000086c00000, 0x0000000086d00000|  0%| F|  |TAMS 0x0000000086c00000, 0x0000000086c00000| Untracked 
|  21|0x0000000086d00000, 0x0000000086d00000, 0x0000000086e00000|  0%| F|  |TAMS 0x0000000086d00000, 0x0000000086d00000| Untracked 
|  22|0x0000000086e00000, 0x0000000086e00000, 0x0000000086f00000|  0%| F|  |TAMS 0x0000000086e00000, 0x0000000086e00000| Untracked 
|  23|0x0000000086f00000, 0x0000000086f00000, 0x0000000087000000|  0%| F|  |TAMS 0x0000000086f00000, 0x0000000086f00000| Untracked 
|  24|0x0000000087000000, 0x0000000087000000, 0x0000000087100000|  0%| F|  |TAMS 0x0000000087000000, 0x0000000087000000| Untracked 
|  25|0x0000000087100000, 0x0000000087100000, 0x0000000087200000|  0%| F|  |TAMS 0x0000000087100000, 0x0000000087100000| Untracked 
|  26|0x0000000087200000, 0x0000000087200000, 0x0000000087300000|  0%| F|  |TAMS 0x0000000087200000, 0x0000000087200000| Untracked 
|  27|0x0000000087300000, 0x0000000087300000, 0x0000000087400000|  0%| F|  |TAMS 0x0000000087300000, 0x0000000087300000| Untracked 
|  28|0x0000000087400000, 0x0000000087400000, 0x0000000087500000|  0%| F|  |TAMS 0x0000000087400000, 0x0000000087400000| Untracked 
|  29|0x0000000087500000, 0x0000000087500000, 0x0000000087600000|  0%| F|  |TAMS 0x0000000087500000, 0x0000000087500000| Untracked 
|  30|0x0000000087600000, 0x0000000087600000, 0x0000000087700000|  0%| F|  |TAMS 0x0000000087600000, 0x0000000087600000| Untracked 
|  31|0x0000000087700000, 0x0000000087700000, 0x0000000087800000|  0%| F|  |TAMS 0x0000000087700000, 0x0000000087700000| Untracked 
|  32|0x0000000087800000, 0x0000000087800000, 0x0000000087900000|  0%| F|  |TAMS 0x0000000087800000, 0x0000000087800000| Untracked 
|  33|0x0000000087900000, 0x0000000087900000, 0x0000000087a00000|  0%| F|  |TAMS 0x0000000087900000, 0x0000000087900000| Untracked 
|  34|0x0000000087a00000, 0x0000000087a00000, 0x0000000087b00000|  0%| F|  |TAMS 0x0000000087a00000, 0x0000000087a00000| Untracked 
|  35|0x0000000087b00000, 0x0000000087b00000, 0x0000000087c00000|  0%| F|  |TAMS 0x0000000087b00000, 0x0000000087b00000| Untracked 
|  36|0x0000000087c00000, 0x0000000087c00000, 0x0000000087d00000|  0%| F|  |TAMS 0x0000000087c00000, 0x0000000087c00000| Untracked 
|  37|0x0000000087d00000, 0x0000000087d00000, 0x0000000087e00000|  0%| F|  |TAMS 0x0000000087d00000, 0x0000000087d00000| Untracked 
|  38|0x0000000087e00000, 0x0000000087e00000, 0x0000000087f00000|  0%| F|  |TAMS 0x0000000087e00000, 0x0000000087e00000| Untracked 
|  39|0x0000000087f00000, 0x0000000087f00000, 0x0000000088000000|  0%| F|  |TAMS 0x0000000087f00000, 0x0000000087f00000| Untracked 
|  40|0x0000000088000000, 0x0000000088000000, 0x0000000088100000|  0%| F|  |TAMS 0x0000000088000000, 0x0000000088000000| Untracked 
|  41|0x0000000088100000, 0x0000000088100000, 0x0000000088200000|  0%| F|  |TAMS 0x0000000088100000, 0x0000000088100000| Untracked 
|  42|0x0000000088200000, 0x0000000088200000, 0x0000000088300000|  0%| F|  |TAMS 0x0000000088200000, 0x0000000088200000| Untracked 
|  43|0x0000000088300000, 0x0000000088300000, 0x0000000088400000|  0%| F|  |TAMS 0x0000000088300000, 0x0000000088300000| Untracked 
|  44|0x0000000088400000, 0x0000000088400000, 0x0000000088500000|  0%| F|  |TAMS 0x0000000088400000, 0x0000000088400000| Untracked 
|  45|0x0000000088500000, 0x0000000088500000, 0x0000000088600000|  0%| F|  |TAMS 0x0000000088500000, 0x0000000088500000| Untracked 
|  46|0x0000000088600000, 0x0000000088600000, 0x0000000088700000|  0%| F|  |TAMS 0x0000000088600000, 0x0000000088600000| Untracked 
|  47|0x0000000088700000, 0x0000000088700000, 0x0000000088800000|  0%| F|  |TAMS 0x0000000088700000, 0x0000000088700000| Untracked 
|  48|0x0000000088800000, 0x0000000088800000, 0x0000000088900000|  0%| F|  |TAMS 0x0000000088800000, 0x0000000088800000| Untracked 
|  49|0x0000000088900000, 0x0000000088900000, 0x0000000088a00000|  0%| F|  |TAMS 0x0000000088900000, 0x0000000088900000| Untracked 
|  50|0x0000000088a00000, 0x0000000088a00000, 0x0000000088b00000|  0%| F|  |TAMS 0x0000000088a00000, 0x0000000088a00000| Untracked 
|  51|0x0000000088b00000, 0x0000000088b00000, 0x0000000088c00000|  0%| F|  |TAMS 0x0000000088b00000, 0x0000000088b00000| Untracked 
|  52|0x0000000088c00000, 0x0000000088c00000, 0x0000000088d00000|  0%| F|  |TAMS 0x0000000088c00000, 0x0000000088c00000| Untracked 
|  53|0x0000000088d00000, 0x0000000088d00000, 0x0000000088e00000|  0%| F|  |TAMS 0x0000000088d00000, 0x0000000088d00000| Untracked 
|  54|0x0000000088e00000, 0x0000000088e00000, 0x0000000088f00000|  0%| F|  |TAMS 0x0000000088e00000, 0x0000000088e00000| Untracked 
|  55|0x0000000088f00000, 0x0000000088f00000, 0x0000000089000000|  0%| F|  |TAMS 0x0000000088f00000, 0x0000000088f00000| Untracked 
|  56|0x0000000089000000, 0x0000000089000000, 0x0000000089100000|  0%| F|  |TAMS 0x0000000089000000, 0x0000000089000000| Untracked 
|  57|0x0000000089100000, 0x0000000089100000, 0x0000000089200000|  0%| F|  |TAMS 0x0000000089100000, 0x0000000089100000| Untracked 
|  58|0x0000000089200000, 0x0000000089200000, 0x0000000089300000|  0%| F|  |TAMS 0x0000000089200000, 0x0000000089200000| Untracked 
|  59|0x0000000089300000, 0x0000000089300000, 0x0000000089400000|  0%| F|  |TAMS 0x0000000089300000, 0x0000000089300000| Untracked 
|  60|0x0000000089400000, 0x0000000089400000, 0x0000000089500000|  0%| F|  |TAMS 0x0000000089400000, 0x0000000089400000| Untracked 
|  61|0x0000000089500000, 0x0000000089500000, 0x0000000089600000|  0%| F|  |TAMS 0x0000000089500000, 0x0000000089500000| Untracked 
|  62|0x0000000089600000, 0x0000000089600000, 0x0000000089700000|  0%| F|  |TAMS 0x0000000089600000, 0x0000000089600000| Untracked 
|  63|0x0000000089700000, 0x0000000089700000, 0x0000000089800000|  0%| F|  |TAMS 0x0000000089700000, 0x0000000089700000| Untracked 
|  64|0x0000000089800000, 0x0000000089800000, 0x0000000089900000|  0%| F|  |TAMS 0x0000000089800000, 0x0000000089800000| Untracked 
|  65|0x0000000089900000, 0x0000000089900000, 0x0000000089a00000|  0%| F|  |TAMS 0x0000000089900000, 0x0000000089900000| Untracked 
|  66|0x0000000089a00000, 0x0000000089a00000, 0x0000000089b00000|  0%| F|  |TAMS 0x0000000089a00000, 0x0000000089a00000| Untracked 
|  67|0x0000000089b00000, 0x0000000089b00000, 0x0000000089c00000|  0%| F|  |TAMS 0x0000000089b00000, 0x0000000089b00000| Untracked 
|  68|0x0000000089c00000, 0x0000000089c00000, 0x0000000089d00000|  0%| F|  |TAMS 0x0000000089c00000, 0x0000000089c00000| Untracked 
|  69|0x0000000089d00000, 0x0000000089d00000, 0x0000000089e00000|  0%| F|  |TAMS 0x0000000089d00000, 0x0000000089d00000| Untracked 
|  70|0x0000000089e00000, 0x0000000089e00000, 0x0000000089f00000|  0%| F|  |TAMS 0x0000000089e00000, 0x0000000089e00000| Untracked 
|  71|0x0000000089f00000, 0x0000000089f00000, 0x000000008a000000|  0%| F|  |TAMS 0x0000000089f00000, 0x0000000089f00000| Untracked 
|  72|0x000000008a000000, 0x000000008a000000, 0x000000008a100000|  0%| F|  |TAMS 0x000000008a000000, 0x000000008a000000| Untracked 
|  73|0x000000008a100000, 0x000000008a100000, 0x000000008a200000|  0%| F|  |TAMS 0x000000008a100000, 0x000000008a100000| Untracked 
|  74|0x000000008a200000, 0x000000008a200000, 0x000000008a300000|  0%| F|  |TAMS 0x000000008a200000, 0x000000008a200000| Untracked 
|  75|0x000000008a300000, 0x000000008a300000, 0x000000008a400000|  0%| F|  |TAMS 0x000000008a300000, 0x000000008a300000| Untracked 
|  76|0x000000008a400000, 0x000000008a400000, 0x000000008a500000|  0%| F|  |TAMS 0x000000008a400000, 0x000000008a400000| Untracked 
|  77|0x000000008a500000, 0x000000008a500000, 0x000000008a600000|  0%| F|  |TAMS 0x000000008a500000, 0x000000008a500000| Untracked 
|  78|0x000000008a600000, 0x000000008a600000, 0x000000008a700000|  0%| F|  |TAMS 0x000000008a600000, 0x000000008a600000| Untracked 
|  79|0x000000008a700000, 0x000000008a700000, 0x000000008a800000|  0%| F|  |TAMS 0x000000008a700000, 0x000000008a700000| Untracked 
|  80|0x000000008a800000, 0x000000008a800000, 0x000000008a900000|  0%| F|  |TAMS 0x000000008a800000, 0x000000008a800000| Untracked 
|  81|0x000000008a900000, 0x000000008a900000, 0x000000008aa00000|  0%| F|  |TAMS 0x000000008a900000, 0x000000008a900000| Untracked 
|  82|0x000000008aa00000, 0x000000008aa00000, 0x000000008ab00000|  0%| F|  |TAMS 0x000000008aa00000, 0x000000008aa00000| Untracked 
|  83|0x000000008ab00000, 0x000000008ab00000, 0x000000008ac00000|  0%| F|  |TAMS 0x000000008ab00000, 0x000000008ab00000| Untracked 
|  84|0x000000008ac00000, 0x000000008ac00000, 0x000000008ad00000|  0%| F|  |TAMS 0x000000008ac00000, 0x000000008ac00000| Untracked 
|  85|0x000000008ad00000, 0x000000008ad00000, 0x000000008ae00000|  0%| F|  |TAMS 0x000000008ad00000, 0x000000008ad00000| Untracked 
|  86|0x000000008ae00000, 0x000000008ae00000, 0x000000008af00000|  0%| F|  |TAMS 0x000000008ae00000, 0x000000008ae00000| Untracked 
|  87|0x000000008af00000, 0x000000008af00000, 0x000000008b000000|  0%| F|  |TAMS 0x000000008af00000, 0x000000008af00000| Untracked 
|  88|0x000000008b000000, 0x000000008b000000, 0x000000008b100000|  0%| F|  |TAMS 0x000000008b000000, 0x000000008b000000| Untracked 
|  89|0x000000008b100000, 0x000000008b100000, 0x000000008b200000|  0%| F|  |TAMS 0x000000008b100000, 0x000000008b100000| Untracked 
|  90|0x000000008b200000, 0x000000008b200000, 0x000000008b300000|  0%| F|  |TAMS 0x000000008b200000, 0x000000008b200000| Untracked 
|  91|0x000000008b300000, 0x000000008b300000, 0x000000008b400000|  0%| F|  |TAMS 0x000000008b300000, 0x000000008b300000| Untracked 
|  92|0x000000008b400000, 0x000000008b400000, 0x000000008b500000|  0%| F|  |TAMS 0x000000008b400000, 0x000000008b400000| Untracked 
|  93|0x000000008b500000, 0x000000008b500000, 0x000000008b600000|  0%| F|  |TAMS 0x000000008b500000, 0x000000008b500000| Untracked 
|  94|0x000000008b600000, 0x000000008b600000, 0x000000008b700000|  0%| F|  |TAMS 0x000000008b600000, 0x000000008b600000| Untracked 
|  95|0x000000008b700000, 0x000000008b700000, 0x000000008b800000|  0%| F|  |TAMS 0x000000008b700000, 0x000000008b700000| Untracked 
|  96|0x000000008b800000, 0x000000008b800000, 0x000000008b900000|  0%| F|  |TAMS 0x000000008b800000, 0x000000008b800000| Untracked 
|  97|0x000000008b900000, 0x000000008b900000, 0x000000008ba00000|  0%| F|  |TAMS 0x000000008b900000, 0x000000008b900000| Untracked 
|  98|0x000000008ba00000, 0x000000008ba00000, 0x000000008bb00000|  0%| F|  |TAMS 0x000000008ba00000, 0x000000008ba00000| Untracked 
|  99|0x000000008bb00000, 0x000000008bb00000, 0x000000008bc00000|  0%| F|  |TAMS 0x000000008bb00000, 0x000000008bb00000| Untracked 
| 100|0x000000008bc00000, 0x000000008bc00000, 0x000000008bd00000|  0%| F|  |TAMS 0x000000008bc00000, 0x000000008bc00000| Untracked 
| 101|0x000000008bd00000, 0x000000008bd00000, 0x000000008be00000|  0%| F|  |TAMS 0x000000008bd00000, 0x000000008bd00000| Untracked 
| 102|0x000000008be00000, 0x000000008be00000, 0x000000008bf00000|  0%| F|  |TAMS 0x000000008be00000, 0x000000008be00000| Untracked 
| 103|0x000000008bf00000, 0x000000008bf00000, 0x000000008c000000|  0%| F|  |TAMS 0x000000008bf00000, 0x000000008bf00000| Untracked 
| 104|0x000000008c000000, 0x000000008c000000, 0x000000008c100000|  0%| F|  |TAMS 0x000000008c000000, 0x000000008c000000| Untracked 
| 105|0x000000008c100000, 0x000000008c100000, 0x000000008c200000|  0%| F|  |TAMS 0x000000008c100000, 0x000000008c100000| Untracked 
| 106|0x000000008c200000, 0x000000008c200000, 0x000000008c300000|  0%| F|  |TAMS 0x000000008c200000, 0x000000008c200000| Untracked 
| 107|0x000000008c300000, 0x000000008c300000, 0x000000008c400000|  0%| F|  |TAMS 0x000000008c300000, 0x000000008c300000| Untracked 
| 108|0x000000008c400000, 0x000000008c400000, 0x000000008c500000|  0%| F|  |TAMS 0x000000008c400000, 0x000000008c400000| Untracked 
| 109|0x000000008c500000, 0x000000008c500000, 0x000000008c600000|  0%| F|  |TAMS 0x000000008c500000, 0x000000008c500000| Untracked 
| 110|0x000000008c600000, 0x000000008c600000, 0x000000008c700000|  0%| F|  |TAMS 0x000000008c600000, 0x000000008c600000| Untracked 
| 111|0x000000008c700000, 0x000000008c700000, 0x000000008c800000|  0%| F|  |TAMS 0x000000008c700000, 0x000000008c700000| Untracked 
| 112|0x000000008c800000, 0x000000008c800000, 0x000000008c900000|  0%| F|  |TAMS 0x000000008c800000, 0x000000008c800000| Untracked 
| 113|0x000000008c900000, 0x000000008c900000, 0x000000008ca00000|  0%| F|  |TAMS 0x000000008c900000, 0x000000008c900000| Untracked 
| 114|0x000000008ca00000, 0x000000008ca00000, 0x000000008cb00000|  0%| F|  |TAMS 0x000000008ca00000, 0x000000008ca00000| Untracked 
| 115|0x000000008cb00000, 0x000000008cb00000, 0x000000008cc00000|  0%| F|  |TAMS 0x000000008cb00000, 0x000000008cb00000| Untracked 
| 116|0x000000008cc00000, 0x000000008cc00000, 0x000000008cd00000|  0%| F|  |TAMS 0x000000008cc00000, 0x000000008cc00000| Untracked 
| 117|0x000000008cd00000, 0x000000008cd00000, 0x000000008ce00000|  0%| F|  |TAMS 0x000000008cd00000, 0x000000008cd00000| Untracked 
| 118|0x000000008ce00000, 0x000000008ce00000, 0x000000008cf00000|  0%| F|  |TAMS 0x000000008ce00000, 0x000000008ce00000| Untracked 
| 119|0x000000008cf00000, 0x000000008cffb9a0, 0x000000008d000000| 98%| E|  |TAMS 0x000000008cf00000, 0x000000008cf00000| Complete 
| 120|0x000000008d000000, 0x000000008d100000, 0x000000008d100000|100%| E|CS|TAMS 0x000000008d000000, 0x000000008d000000| Complete 
| 121|0x000000008d100000, 0x000000008d200000, 0x000000008d200000|100%| E|CS|TAMS 0x000000008d100000, 0x000000008d100000| Complete 
| 122|0x000000008d200000, 0x000000008d300000, 0x000000008d300000|100%| E|CS|TAMS 0x000000008d200000, 0x000000008d200000| Complete 
| 123|0x000000008d300000, 0x000000008d400000, 0x000000008d400000|100%| E|CS|TAMS 0x000000008d300000, 0x000000008d300000| Complete 

Card table byte_map: [0x00000278f3b20000,0x00000278f3f00000] _byte_map_base: 0x00000278f36f4000

Marking Bits (Prev, Next): (CMBitMap*) 0x00000278ebcca9b0, (CMBitMap*) 0x00000278ebcca9f0
 Prev Bits: [0x00000278f42e0000, 0x00000278f6180000)
 Next Bits: [0x00000278f6180000, 0x00000278f8020000)

Polling page: 0x00000278e9c80000

Metaspace:

Usage:
  Non-class:      2.27 MB used.
      Class:    222.34 KB used.
       Both:      2.49 MB used.

Virtual space:
  Non-class space:        8.00 MB reserved,       2.31 MB ( 29%) committed,  1 nodes.
      Class space:        1.00 GB reserved,     320.00 KB ( <1%) committed,  1 nodes.
              Both:        1.01 GB reserved,       2.62 MB ( <1%) committed. 

Chunk freelists:
   Non-Class:  3.75 MB
       Class:  3.73 MB
        Both:  7.48 MB

MaxMetaspaceSize: 17179869184.00 GB
CompressedClassSpaceSize: 1.00 GB
 - commit_granule_bytes: 65536.
 - commit_granule_words: 8192.
 - virtual_space_node_default_size: 1048576.
 - enlarge_chunks_in_place: 1.
 - new_chunks_are_fully_committed: 0.
 - uncommit_free_chunks: 1.
 - use_allocation_guard: 0.
 - handle_deallocations: 1.


Internal statistics:

num_allocs_failed_limit: 0.
num_arena_births: 10.
num_arena_deaths: 0.
num_vsnodes_births: 2.
num_vsnodes_deaths: 0.
num_space_committed: 42.
num_space_uncommitted: 0.
num_chunks_returned_to_freelist: 0.
num_chunks_taken_from_freelist: 32.
num_chunk_merges: 0.
num_chunk_splits: 14.
num_chunks_enlarged: 9.
num_purges: 0.

CodeHeap 'non-profiled nmethods': size=120000Kb used=121Kb max_used=121Kb free=119878Kb
 bounds [0x0000027887ad0000, 0x0000027887d40000, 0x000002788f000000]
CodeHeap 'profiled nmethods': size=120000Kb used=472Kb max_used=472Kb free=119527Kb
 bounds [0x00000278805a0000, 0x0000027880810000, 0x0000027887ad0000]
CodeHeap 'non-nmethods': size=5760Kb used=1220Kb max_used=1239Kb free=4539Kb
 bounds [0x0000027880000000, 0x0000027880270000, 0x00000278805a0000]
 total_blobs=779 nmethods=359 adapters=333
 compilation: enabled
              stopped_count=0, restarted_count=0
 full_count=0

Compilation events (20 events):
Event: 0.205 Thread 0x00000278faa37cf0 nmethod 351 0x0000027880611090 code [0x0000027880611240, 0x00000278806113e8]
Event: 0.206 Thread 0x00000278faa37cf0  352       3       sun.security.x509.X509CertImpl::getEncodedInternal (22 bytes)
Event: 0.206 Thread 0x00000278faa37cf0 nmethod 352 0x0000027880611490 code [0x0000027880611640, 0x0000027880611828]
Event: 0.207 Thread 0x00000278faa37cf0  353       3       java.lang.CharacterDataLatin1::toUpperCase (53 bytes)
Event: 0.208 Thread 0x00000278faa37cf0 nmethod 353 0x0000027880611910 code [0x0000027880611ac0, 0x0000027880611d58]
Event: 0.208 Thread 0x00000278faa37cf0  354       3       sun.security.x509.X509CertImpl::getEncodedInternal (20 bytes)
Event: 0.208 Thread 0x00000278faa37cf0 nmethod 354 0x0000027880611e90 code [0x0000027880612080, 0x00000278806125f8]
Event: 0.208 Thread 0x00000278faa37cf0  355   !   3       java.security.cert.Certificate::equals (38 bytes)
Event: 0.208 Thread 0x00000278faa37cf0 nmethod 355 0x0000027880612790 code [0x0000027880612a20, 0x0000027880613848]
Event: 0.208 Thread 0x00000278faa37cf0  356       3       java.lang.StringConcatHelper::stringOf (20 bytes)
Event: 0.209 Thread 0x00000278faa37cf0 nmethod 356 0x0000027880613d10 code [0x0000027880613ec0, 0x0000027880614108]
Event: 0.209 Thread 0x00000278faa37cf0  357       3       java.lang.StringConcatHelper::mix (27 bytes)
Event: 0.210 Thread 0x00000278faa37cf0 nmethod 357 0x0000027880614210 code [0x0000027880614400, 0x0000027880614828]
Event: 0.210 Thread 0x00000278faa37cf0  358       3       java.lang.StringConcatHelper::prepend (37 bytes)
Event: 0.210 Thread 0x00000278faa37cf0 nmethod 358 0x0000027880614a10 code [0x0000027880614be0, 0x0000027880614ed8]
Event: 0.210 Thread 0x00000278faa37cf0  359       3       java.util.ArrayList::grow (60 bytes)
Event: 0.211 Thread 0x00000278faa37cf0 nmethod 359 0x0000027880615010 code [0x0000027880615220, 0x0000027880615a38]
Event: 0.217 Thread 0x00000278faa373a0 nmethod 339 0x0000027887aece90 code [0x0000027887aed040, 0x0000027887aee478]
Event: 322.015 Thread 0x00000278faa37cf0  360       3       org.eclipse.jdt.launching.internal.org.objectweb.asm.ClassReader::readUnsignedShort (26 bytes)
Event: 322.015 Thread 0x00000278faa37cf0 nmethod 360 0x0000027880615d10 code [0x0000027880615ec0, 0x0000027880616038]

GC Heap History (0 events):
No events

Deoptimization events (20 events):
Event: 0.200 Thread 0x00000278ebc8afb0 DEOPT PACKING pc=0x000002788060125b sp=0x000000a8588f82b0
Event: 0.200 Thread 0x00000278ebc8afb0 DEOPT UNPACKING pc=0x000002788004e77e sp=0x000000a8588f7718 mode 0
Event: 0.200 Thread 0x00000278ebc8afb0 DEOPT PACKING pc=0x000002788060125b sp=0x000000a8588f82b0
Event: 0.200 Thread 0x00000278ebc8afb0 DEOPT UNPACKING pc=0x000002788004e77e sp=0x000000a8588f7718 mode 0
Event: 0.200 Thread 0x00000278ebc8afb0 DEOPT PACKING pc=0x000002788060125b sp=0x000000a8588f82b0
Event: 0.200 Thread 0x00000278ebc8afb0 DEOPT UNPACKING pc=0x000002788004e77e sp=0x000000a8588f7718 mode 0
Event: 0.201 Thread 0x00000278ebc8afb0 DEOPT PACKING pc=0x000002788060125b sp=0x000000a8588f82b0
Event: 0.201 Thread 0x00000278ebc8afb0 DEOPT UNPACKING pc=0x000002788004e77e sp=0x000000a8588f7718 mode 0
Event: 0.202 Thread 0x00000278ebc8afb0 DEOPT PACKING pc=0x000002788060125b sp=0x000000a8588fbce0
Event: 0.202 Thread 0x00000278ebc8afb0 DEOPT UNPACKING pc=0x000002788004e77e sp=0x000000a8588fb148 mode 0
Event: 0.203 Thread 0x00000278ebc8afb0 DEOPT PACKING pc=0x000002788060125b sp=0x000000a8588f8230
Event: 0.203 Thread 0x00000278ebc8afb0 DEOPT UNPACKING pc=0x000002788004e77e sp=0x000000a8588f7698 mode 0
Event: 0.204 Thread 0x00000278ebc8afb0 DEOPT PACKING pc=0x000002788060125b sp=0x000000a8588fbc10
Event: 0.204 Thread 0x00000278ebc8afb0 DEOPT UNPACKING pc=0x000002788004e77e sp=0x000000a8588fb078 mode 0
Event: 0.205 Thread 0x00000278ebc8afb0 DEOPT PACKING pc=0x000002788060125b sp=0x000000a8588fbce0
Event: 0.205 Thread 0x00000278ebc8afb0 DEOPT UNPACKING pc=0x000002788004e77e sp=0x000000a8588fb148 mode 0
Event: 0.209 Thread 0x00000278ebc8afb0 DEOPT PACKING pc=0x000002788060125b sp=0x000000a8588f7ea0
Event: 0.209 Thread 0x00000278ebc8afb0 DEOPT UNPACKING pc=0x000002788004e77e sp=0x000000a8588f7308 mode 0
Event: 0.210 Thread 0x00000278ebc8afb0 DEOPT PACKING pc=0x000002788060125b sp=0x000000a8588f7ea0
Event: 0.210 Thread 0x00000278ebc8afb0 DEOPT UNPACKING pc=0x000002788004e77e sp=0x000000a8588f7308 mode 0

Classes unloaded (0 events):
No events

Classes redefined (3 events):
Event: 237.283 Thread 0x00000278fa9e81d0 redefined class name=Ciclos, count=1
Event: 278.036 Thread 0x00000278fa9e81d0 redefined class name=Ciclos, count=2
Event: 322.016 Thread 0x00000278fa9e81d0 redefined class name=Ciclos, count=3

Internal exceptions (1 events):
Event: 0.181 Thread 0x00000278ebc8afb0 Exception <a 'java/lang/NoSuchMethodError'{0x000000008d0f3948}: 'java.lang.Object java.lang.invoke.DirectMethodHandle$Holder.invokeStatic(java.lang.Object)'> (0x000000008d0f3948) 
thrown [t:\workspace\open\src\hotspot\share\interpreter\linkResolver.cpp, line 790]

Events (20 events):
Event: 0.196 loading class jdk/internal/reflect/BootstrapConstructorAccessorImpl done
Event: 0.201 loading class java/lang/IndexOutOfBoundsException
Event: 0.201 loading class java/lang/IndexOutOfBoundsException done
Event: 0.210 loading class java/lang/IllegalStateException
Event: 0.210 loading class java/lang/IllegalStateException done
Event: 1.098 Executing  VM operation: Cleanup
Event: 1.099 Executing  VM operation: Cleanup done
Event: 5.214 Thread 0x00000278fb4ea310 Thread exited: 0x00000278fb4ea310
Event: 237.282 Executing  VM operation: RedefineClasses
Event: 237.285 Executing  VM operation: RedefineClasses done
Event: 278.035 Executing  VM operation: RedefineClasses
Event: 278.039 Executing  VM operation: RedefineClasses done
Event: 322.015 Executing  VM operation: RedefineClasses
Event: 322.018 Executing  VM operation: RedefineClasses done
Event: 322.020 Executing  VM operation: ChangeBreakpoints
Event: 322.020 Executing  VM operation: ChangeBreakpoints done
Event: 322.022 Executing  VM operation: ChangeBreakpoints
Event: 322.022 Executing  VM operation: ChangeBreakpoints done
Event: 322.025 Executing  VM operation: ChangeBreakpoints
Event: 322.025 Executing  VM operation: ChangeBreakpoints done


Dynamic libraries:
0x00007ff7ba250000 - 0x00007ff7ba260000 	C:\Program Files\Java\jdk-16.0.2\bin\javaw.exe
0x00007ffff7870000 - 0x00007ffff7a65000 	C:\windows\SYSTEM32\ntdll.dll
0x00007ffff7480000 - 0x00007ffff753e000 	C:\windows\System32\KERNEL32.DLL
0x00007ffff5030000 - 0x00007ffff52f8000 	C:\windows\System32\KERNELBASE.dll
0x00007ffff5300000 - 0x00007ffff5400000 	C:\windows\System32\ucrtbase.dll
0x00007fffdba70000 - 0x00007fffdba89000 	C:\Program Files\Java\jdk-16.0.2\bin\VCRUNTIME140.dll
0x00007fffed250000 - 0x00007fffed268000 	C:\Program Files\Java\jdk-16.0.2\bin\jli.dll
0x00007ffff5950000 - 0x00007ffff59fe000 	C:\windows\System32\ADVAPI32.dll
0x00007ffff5a00000 - 0x00007ffff5a9e000 	C:\windows\System32\msvcrt.dll
0x00007ffff6f30000 - 0x00007ffff6fcc000 	C:\windows\System32\sechost.dll
0x00007ffff6e00000 - 0x00007ffff6f25000 	C:\windows\System32\RPCRT4.dll
0x00007ffff5b30000 - 0x00007ffff5cd1000 	C:\windows\System32\USER32.dll
0x00007ffff5400000 - 0x00007ffff5422000 	C:\windows\System32\win32u.dll
0x00007fffd79f0000 - 0x00007fffd7c8a000 	C:\windows\WinSxS\amd64_microsoft.windows.common-controls_6595b64144ccf1df_6.0.19041.1110_none_60b5254171f9507e\COMCTL32.dll
0x00007ffff5b00000 - 0x00007ffff5b2b000 	C:\windows\System32\GDI32.dll
0x00007ffff57a0000 - 0x00007ffff58ad000 	C:\windows\System32\gdi32full.dll
0x00007ffff5620000 - 0x00007ffff56bd000 	C:\windows\System32\msvcp_win.dll
0x00007fffebb00000 - 0x00007fffebb0a000 	C:\windows\SYSTEM32\VERSION.dll
0x00007ffff6a00000 - 0x00007ffff6a30000 	C:\windows\System32\IMM32.DLL
0x00007fffec240000 - 0x00007fffec24c000 	C:\Program Files\Java\jdk-16.0.2\bin\vcruntime140_1.dll
0x00007fffc98a0000 - 0x00007fffc9931000 	C:\Program Files\Java\jdk-16.0.2\bin\msvcp140.dll
0x00007fff82d00000 - 0x00007fff838ab000 	C:\Program Files\Java\jdk-16.0.2\bin\server\jvm.dll
0x00007ffff6fd0000 - 0x00007ffff6fd8000 	C:\windows\System32\PSAPI.DLL
0x00007fffce360000 - 0x00007fffce387000 	C:\windows\SYSTEM32\WINMM.dll
0x00007fffd5b00000 - 0x00007fffd5b09000 	C:\windows\SYSTEM32\WSOCK32.dll
0x00007ffff6a30000 - 0x00007ffff6a9b000 	C:\windows\System32\WS2_32.dll
0x00007ffff3800000 - 0x00007ffff3812000 	C:\windows\SYSTEM32\kernel.appcore.dll
0x00007fffec220000 - 0x00007fffec22a000 	C:\Program Files\Java\jdk-16.0.2\bin\jimage.dll
0x00007ffff2e10000 - 0x00007ffff2ff4000 	C:\windows\SYSTEM32\DBGHELP.DLL
0x00007fffd4790000 - 0x00007fffd47bc000 	C:\windows\SYSTEM32\dbgcore.DLL
0x00007ffff56c0000 - 0x00007ffff5742000 	C:\windows\System32\bcryptPrimitives.dll
0x00007fffda120000 - 0x00007fffda15b000 	C:\Program Files\Java\jdk-16.0.2\bin\jdwp.dll
0x00007ffff0260000 - 0x00007ffff026e000 	C:\Program Files\Java\jdk-16.0.2\bin\instrument.dll
0x00007fffd9260000 - 0x00007fffd9285000 	C:\Program Files\Java\jdk-16.0.2\bin\java.dll
0x00007ffff62a0000 - 0x00007ffff69e4000 	C:\windows\System32\SHELL32.dll
0x00007ffff3000000 - 0x00007ffff3795000 	C:\windows\SYSTEM32\windows.storage.dll
0x00007ffff5ce0000 - 0x00007ffff6035000 	C:\windows\System32\combase.dll
0x00007ffff49d0000 - 0x00007ffff49fe000 	C:\windows\SYSTEM32\Wldp.dll
0x00007ffff7540000 - 0x00007ffff75ed000 	C:\windows\System32\SHCORE.dll
0x00007ffff5aa0000 - 0x00007ffff5af5000 	C:\windows\System32\shlwapi.dll
0x00007ffff4ec0000 - 0x00007ffff4edf000 	C:\windows\SYSTEM32\profapi.dll
0x00007fffede90000 - 0x00007fffede9c000 	C:\Program Files\Java\jdk-16.0.2\bin\dt_socket.dll
0x00007ffff43d0000 - 0x00007ffff440b000 	C:\windows\SYSTEM32\IPHLPAPI.DLL
0x00007ffff4730000 - 0x00007ffff479a000 	C:\windows\system32\mswsock.dll
0x00007ffff4420000 - 0x00007ffff44eb000 	C:\windows\SYSTEM32\DNSAPI.dll
0x00007ffff5940000 - 0x00007ffff5948000 	C:\windows\System32\NSI.dll
0x0000000061340000 - 0x0000000061366000 	C:\Program Files\Bonjour\mdnsNSP.dll
0x00007fffe6580000 - 0x00007fffe658a000 	C:\Windows\System32\rasadhlp.dll
0x00007fffe2d20000 - 0x00007fffe2d9f000 	C:\windows\System32\fwpuclnt.dll
0x00007ffff55f0000 - 0x00007ffff5617000 	C:\windows\System32\bcrypt.dll
0x00007fffd7350000 - 0x00007fffd7368000 	C:\Program Files\Java\jdk-16.0.2\bin\zip.dll
0x00007fffd9350000 - 0x00007fffd9369000 	C:\Program Files\Java\jdk-16.0.2\bin\net.dll
0x00007fffef5b0000 - 0x00007fffef6bc000 	C:\windows\SYSTEM32\WINHTTP.dll
0x00007fffd8580000 - 0x00007fffd8593000 	C:\Program Files\Java\jdk-16.0.2\bin\nio.dll
0x00007fffec0c0000 - 0x00007fffec0d0000 	C:\Program Files\Java\jdk-16.0.2\bin\verify.dll

dbghelp: loaded successfully - version: 4.0.5 - missing functions: none
symbol engine: initialized successfully - sym options: 0x614 - pdb path: .;C:\Program Files\Java\jdk-16.0.2\bin;C:\windows\SYSTEM32;C:\windows\WinSxS\amd64_microsoft.windows.common-controls_6595b64144ccf1df_6.0.19041.1110_none_60b5254171f9507e;C:\Program Files\Java\jdk-16.0.2\bin\server;C:\Program Files\Bonjour

VM Arguments:
jvm_args: -XX:+ShowCodeDetailsInExceptionMessages -agentlib:jdwp=transport=dt_socket,suspend=y,address=localhost:60745 -javaagent:C:\Users\daniel\eclipse\jee-2021-12\eclipse\configuration\org.eclipse.osgi\421\0\.cp\lib\javaagent-shaded.jar -Dfile.encoding=Cp1252 
java_command: Ciclos
java_class_path (initial): C:\Users\daniel\git\JavaBasicos\JavaBasicos\bin
Launcher Type: SUN_STANDARD

[Global flags]
     intx CICompilerCount                          = 4                                         {product} {ergonomic}
     uint ConcGCThreads                            = 2                                         {product} {ergonomic}
     uint G1ConcRefinementThreads                  = 8                                         {product} {ergonomic}
   size_t G1HeapRegionSize                         = 1048576                                   {product} {ergonomic}
    uintx GCDrainStackTargetSize                   = 64                                        {product} {ergonomic}
   size_t InitialHeapSize                          = 130023424                                 {product} {ergonomic}
   size_t MarkStackSize                            = 4194304                                   {product} {ergonomic}
   size_t MaxHeapSize                              = 2055208960                                {product} {ergonomic}
   size_t MaxNewSize                               = 1233125376                                {product} {ergonomic}
   size_t MinHeapDeltaBytes                        = 1048576                                   {product} {ergonomic}
   size_t MinHeapSize                              = 8388608                                   {product} {ergonomic}
    uintx NonNMethodCodeHeapSize                   = 5839372                                {pd product} {ergonomic}
    uintx NonProfiledCodeHeapSize                  = 122909434                              {pd product} {ergonomic}
    uintx ProfiledCodeHeapSize                     = 122909434                              {pd product} {ergonomic}
    uintx ReservedCodeCacheSize                    = 251658240                              {pd product} {ergonomic}
     bool SegmentedCodeCache                       = true                                      {product} {ergonomic}
     bool ShowCodeDetailsInExceptionMessages       = true                                   {manageable} {command line}
   size_t SoftMaxHeapSize                          = 2055208960                             {manageable} {ergonomic}
     bool UseCompressedClassPointers               = true                           {product lp64_product} {ergonomic}
     bool UseCompressedOops                        = true                           {product lp64_product} {ergonomic}
     bool UseG1GC                                  = true                                      {product} {ergonomic}
     bool UseLargePagesIndividualAllocation        = false                                  {pd product} {ergonomic}

Logging:
Log output configuration:
 #0: stdout all=warning uptime,level,tags
 #1: stderr all=off uptime,level,tags

Environment Variables:
PATH=C:\Python310\Scripts\;C:\Python310\;C:\Program Files\Common Files\Oracle\Java\javapath;C:\Program Files (x86)\Common Files\Oracle\Java\javapath;C:\windows\system32;C:\windows;C:\windows\System32\Wbem;C:\windows\System32\WindowsPowerShell\v1.0\;C:\windows\System32\OpenSSH\;C:\Program Files\Git\cmd;C:\Program Files\Git\mingw64\bin;C:\Program Files\Git\usr\bin;C:\Program Files\nodejs\;C:\ProgramData\chocolatey\bin;C:\Program Files\MySQL\MySQL Shell 8.0\bin\;C:\Users\daniel\AppData\Local\Microsoft\WindowsApps;C:\Users\daniel\AppData\Local\Programs\Microsoft VS Code\bin;C:\Users\daniel\AppData\Roaming\npm
USERNAME=daniel
OS=Windows_NT
PROCESSOR_IDENTIFIER=Intel64 Family 6 Model 140 Stepping 1, GenuineIntel



---------------  S Y S T E M  ---------------

OS:
 Windows 10 , 64 bit Build 19041 (10.0.19041.1466)
OS uptime: 12 days 6:25 hours

CPU: total 8 (initial active 8) (4 cores per cpu, 2 threads per core) family 6 model 140 stepping 1 microcode 0x66, cx8, cmov, fxsr, ht, mmx, 3dnowpref, sse, sse2, sse3, ssse3, sse4.1, sse4.2, popcnt, lzcnt, tsc, tscinvbit, avx, avx2, aes, erms, clmul, bmi1, bmi2, adx, avx512f, avx512dq, avx512cd, avx512bw, avx512vl, sha, fma, vzeroupper, avx512_vpopcntdq, avx512_vpclmulqdq, avx512_vaes, avx512_vnni, clflush, clflushopt, clwb, avx512_vmbi2, avx512_vmbi

Memory: 4k page, system-wide physical 7834M (2445M free)
TotalPageFile size 16880M (AvailPageFile size 6714M)
current process WorkingSet (physical memory assigned to process): 40M, peak: 43M
current process commit charge ("private bytes"): 209M, peak: 212M

vm_info: Java HotSpot(TM) 64-Bit Server VM (16.0.2+7-67) for windows-amd64 JRE (16.0.2+7-67), built on Jun  8 2021 23:24:19 by "mach5one" with MS VC++ 16.7 (VS2019)

END.
